info(vaxis): pixel mouse capability detected
info(vaxis): unicode capability detected
info(vaxis): color_scheme_updates capability detected
info(vaxis): kitty keyboard capability detected
debug(vaxis): enabling mouse mode: pixel coordinates
debug(vaxis): resizing screen: width=93 height=50
debug(vaxis): resizing screen: width=93 height=50
Node 1 exists: trueerror: NoGraphicsCapability
/Users/fre/.cache/zig/p/1220183489aac0d8663ddcc4c5171568b667811a2a8c381561d36e3fa3fc2a1ab21b/src/Vaxis.zig:825:36: 0x100e89327 in transmitPreEncodedImage (fancy-cat)
    if (!self.caps.kitty_graphics) return error.NoGraphicsCapability;
                                   ^
/Users/fre/Projects/fancy-cat/src/Context.zig:248:29: 0x100e8a9ef in getCurrentPage (fancy-cat)
        self.current_page = try self.vx.transmitPreEncodedImage(
                            ^
/Users/fre/Projects/fancy-cat/src/Context.zig:277:13: 0x100e8bff7 in drawCurrentPage (fancy-cat)
            try self.getCurrentPage(x_pix, y_pix);
            ^
/Users/fre/Projects/fancy-cat/src/Context.zig:337:9: 0x100e8f37b in draw (fancy-cat)
        try self.drawCurrentPage(win);
        ^
/Users/fre/Projects/fancy-cat/src/Context.zig:147:13: 0x100e9e3cb in run (fancy-cat)
            try self.draw();
            ^
/Users/fre/Projects/fancy-cat/src/main.zig:34:5: 0x100e9f2df in main (fancy-cat)
    try app.run();
    ^
run
+- run fancy-cat failure
error: the following command exited with error code 1:
/Users/fre/Projects/fancy-cat/.zig-cache/o/d53a5454daf1734a28213a6696542fe4/fancy-cat example.pdf 
Build Summary: 8/10 steps succeeded; 1 failed (disable with --summary none)
run transitive failure
+- run fancy-cat failure
error: the following build command failed with exit code 1:
/Users/fre/Projects/fancy-cat/.zig-cache/o/711da6aeca5fdc82ec4f094ff438210c/build /Users/fre/.zvm/0.13.0/zig /Users/fre/Projects/fancy-cat /Users/fre/Projects/fancy-cat/.zig-cache /Users/fre/.cache/zig --seed 0xb40093c8 -Zdd8da71ad6a3c049 run -- example.pdf
